<?xml version="1.0" encoding="UTF-8"?>
<!-- Generated by org.testng.reporters.JUnitReportReporter -->
<testsuite hostname="DESKTOP-A160TLF" failures="0" tests="5" name="testscenarios.ElementsTestCases" time="66.381" errors="0" timestamp="27 Sep 2023 12:45:16 GMT" skipped="0">
  <testcase classname="testscenarios.ElementsTestCases" name="openTest" time="16.776"/>
  <testcase classname="testscenarios.ElementsTestCases" name="cbTest" time="21.044"/>
  <testcase classname="testscenarios.ElementsTestCases" name="rbTest" time="4.336"/>
  <testcase classname="testscenarios.ElementsTestCases" name="wtTest" time="18.478"/>
  <testcase classname="testscenarios.ElementsTestCases" name="bTest" time="5.747"/>
</testsuite> <!-- testscenarios.ElementsTestCases -->
